<?xml version="1.0" encoding="UTF-8"?>
<!-- Generated by org.testng.reporters.JUnitReportReporter -->
<testsuite hostname="DESKTOP-6TDMLL8" failures="0" tests="5" name="TEstApi1.PriorityCheck" time="0.012" errors="0" timestamp="2022-04-19T19:05:20 IST" skipped="0">
  <testcase classname="TEstApi1.PriorityCheck" name="f3" time="0.007"/>
  <system-out/>
  <testcase classname="TEstApi1.PriorityCheck" name="f2" time="0.002"/>
  <system-out/>
  <testcase classname="TEstApi1.PriorityCheck" name="f1" time="0.001"/>
  <system-out/>
  <testcase classname="TEstApi1.PriorityCheck" name="f4" time="0.001"/>
  <system-out/>
  <testcase classname="TEstApi1.PriorityCheck" name="z4" time="0.001"/>
  <system-out/>
</testsuite> <!-- TEstApi1.PriorityCheck -->
