<?xml version="1.0" encoding="UTF-8"?>
<!-- Generated by org.testng.reporters.JUnitReportReporter -->
<testsuite hostname="DESKTOP-6TDMLL8" failures="0" tests="1" name="TEstApi1.Test1" time="2.272" errors="0" timestamp="2021-11-19T13:27:27 IST" skipped="0">
  <testcase classname="TEstApi1.Test1" name="fun1" time="2.272"/>
  <system-out/>
</testsuite> <!-- TEstApi1.Test1 -->
